<?xml version="1.0" encoding="UTF-8"?>
<testsuites name="jest tests" tests="1" failures="0" errors="0" time="0.358">
  <testsuite name="Home Component Tests" errors="0" failures="0" skipped="0" timestamp="2024-11-24T03:55:43" time="0.136" tests="1">
    <testcase classname="Home Component Tests displayEntries is mocked and not executed" name="Home Component Tests displayEntries is mocked and not executed" time="0.001">
    </testcase>
  </testsuite>
</testsuites>