<?xml version="1.0" encoding="UTF-8"?>
<testsuites name="jest tests" tests="1" failures="0" errors="0" time="0.283">
  <testsuite name="Home Component Event Listeners" errors="0" failures="0" skipped="0" timestamp="2024-12-06T21:46:23" time="0.094" tests="1">
    <testcase classname="Home Component Event Listeners Sidebar toggles on menu button click" name="Home Component Event Listeners Sidebar toggles on menu button click" time="0.02">
    </testcase>
  </testsuite>
</testsuites>